[01m[K/root/ros2_ws/src/cpu_pubsub/src/publisher_member_function.cpp:[m[K In member function â€˜[01m[Kdouble CPULoadNode::getCurrentCPULoad()[m[Kâ€™:
[01m[K/root/ros2_ws/src/cpu_pubsub/src/publisher_member_function.cpp:93:20:[m[K [01;31m[Kerror: [m[Kexpected â€˜[01m[K;[m[Kâ€™ before â€˜[01m[K}[m[Kâ€™ token
   93 |     return cpu_load
      |                    [01;31m[K^[m[K
      |                    [32m[K;[m[K
   94 |     // return std::to_string(cpu_load);
   95 |   [32m[K}[m[K
      |   [32m[K~[m[K                 
make[2]: *** [CMakeFiles/talker.dir/build.make:63: CMakeFiles/talker.dir/src/publisher_member_function.cpp.o] Error 1
make[1]: *** [CMakeFiles/Makefile2:107: CMakeFiles/talker.dir/all] Error 2
make: *** [Makefile:141: all] Error 2
