[0.012s] Invoking command in '/root/ros2_ws/build/cpu_pubsub': CMAKE_PREFIX_PATH=/opt/ros/foxy /usr/bin/cmake --build /root/ros2_ws/build/cpu_pubsub -- -j32 -l32
[0.051s] [35m[1mScanning dependencies of target talker[0m
[0.069s] [ 25%] [32mBuilding CXX object CMakeFiles/talker.dir/src/publisher_member_function.cpp.o[0m
[0.069s] [ 75%] Built target listener
[0.878s] [01m[K/root/ros2_ws/src/cpu_pubsub/src/publisher_member_function.cpp:[m[K In member function â€˜[01m[Kdouble CPULoadNode::getCurrentCPULoad()[m[Kâ€™:
[0.878s] [01m[K/root/ros2_ws/src/cpu_pubsub/src/publisher_member_function.cpp:93:20:[m[K [01;31m[Kerror: [m[Kexpected â€˜[01m[K;[m[Kâ€™ before â€˜[01m[K}[m[Kâ€™ token
[0.879s]    93 |     return cpu_load
[0.879s]       |                    [01;31m[K^[m[K
[0.879s]       |                    [32m[K;[m[K
[0.879s]    94 |     // return std::to_string(cpu_load);
[0.879s]    95 |   [32m[K}[m[K
[0.879s]       |   [32m[K~[m[K                 
[1.490s] make[2]: *** [CMakeFiles/talker.dir/build.make:63: CMakeFiles/talker.dir/src/publisher_member_function.cpp.o] Error 1
[1.491s] make[1]: *** [CMakeFiles/Makefile2:107: CMakeFiles/talker.dir/all] Error 2
[1.491s] make: *** [Makefile:141: all] Error 2
[1.493s] Invoked command in '/root/ros2_ws/build/cpu_pubsub' returned '2': CMAKE_PREFIX_PATH=/opt/ros/foxy /usr/bin/cmake --build /root/ros2_ws/build/cpu_pubsub -- -j32 -l32
