[01m[K/root/ros2_ws/src/cpu_pubsub/src/publisher_member_function.cpp:[m[K In member function â€˜[01m[Kdouble CPULoadNode::getCurrentCPULoad()[m[Kâ€™:
[01m[K/root/ros2_ws/src/cpu_pubsub/src/publisher_member_function.cpp:92:12:[m[K [01;31m[Kerror: [m[Kexpected primary-expression before â€˜[01m[Kdouble[m[Kâ€™
   92 |     return [01;31m[Kdouble[m[K
      |            [01;31m[K^~~~~~[m[K
[01m[K/root/ros2_ws/src/cpu_pubsub/src/publisher_member_function.cpp:92:11:[m[K [01;31m[Kerror: [m[Kexpected â€˜[01m[K;[m[Kâ€™ before â€˜[01m[Kdouble[m[Kâ€™
   92 |     return[01;31m[K [m[K[32m[Kdouble[m[K
      |           [01;31m[K^[m[K[32m[K~~~~~~[m[K
      |           [32m[K;[m[K
[01m[K/root/ros2_ws/src/cpu_pubsub/src/publisher_member_function.cpp:94:3:[m[K [01;31m[Kerror: [m[Kexpected unqualified-id before â€˜[01m[K}[m[Kâ€™ token
   94 |   [01;31m[K}[m[K
      |   [01;31m[K^[m[K
[01m[K/root/ros2_ws/src/cpu_pubsub/src/publisher_member_function.cpp:91:12:[m[K [01;35m[Kwarning: [m[Kunused variable â€˜[01m[Kcpu_load[m[Kâ€™ [[01;35m[K-Wunused-variable[m[K]
   91 |     double [01;35m[Kcpu_load[m[K = 100.0 * (total_time - idle_time) / total_time;
      |            [01;35m[K^~~~~~~~[m[K
make[2]: *** [CMakeFiles/talker.dir/build.make:63: CMakeFiles/talker.dir/src/publisher_member_function.cpp.o] Error 1
make[1]: *** [CMakeFiles/Makefile2:107: CMakeFiles/talker.dir/all] Error 2
make: *** [Makefile:141: all] Error 2
