[0.012s] Invoking command in '/root/ros2_ws/build/cpu_pubsub': CMAKE_PREFIX_PATH=/opt/ros/foxy /usr/bin/cmake --build /root/ros2_ws/build/cpu_pubsub -- -j32 -l32
[0.050s] [35m[1mScanning dependencies of target talker[0m
[0.069s] [ 50%] Built target listener
[0.072s] [ 75%] [32mBuilding CXX object CMakeFiles/talker.dir/src/publisher_member_function.cpp.o[0m
[0.884s] [01m[K/root/ros2_ws/src/cpu_pubsub/src/publisher_member_function.cpp:[m[K In member function â€˜[01m[Kdouble CPULoadNode::getCurrentCPULoad()[m[Kâ€™:
[0.885s] [01m[K/root/ros2_ws/src/cpu_pubsub/src/publisher_member_function.cpp:92:12:[m[K [01;31m[Kerror: [m[Kexpected primary-expression before â€˜[01m[Kdouble[m[Kâ€™
[0.885s]    92 |     return [01;31m[Kdouble[m[K
[0.885s]       |            [01;31m[K^~~~~~[m[K
[0.885s] [01m[K/root/ros2_ws/src/cpu_pubsub/src/publisher_member_function.cpp:92:11:[m[K [01;31m[Kerror: [m[Kexpected â€˜[01m[K;[m[Kâ€™ before â€˜[01m[Kdouble[m[Kâ€™
[0.885s]    92 |     return[01;31m[K [m[K[32m[Kdouble[m[K
[0.885s]       |           [01;31m[K^[m[K[32m[K~~~~~~[m[K
[0.885s]       |           [32m[K;[m[K
[0.885s] [01m[K/root/ros2_ws/src/cpu_pubsub/src/publisher_member_function.cpp:94:3:[m[K [01;31m[Kerror: [m[Kexpected unqualified-id before â€˜[01m[K}[m[Kâ€™ token
[0.885s]    94 |   [01;31m[K}[m[K
[0.886s]       |   [01;31m[K^[m[K
[0.886s] [01m[K/root/ros2_ws/src/cpu_pubsub/src/publisher_member_function.cpp:91:12:[m[K [01;35m[Kwarning: [m[Kunused variable â€˜[01m[Kcpu_load[m[Kâ€™ [[01;35m[K-Wunused-variable[m[K]
[0.886s]    91 |     double [01;35m[Kcpu_load[m[K = 100.0 * (total_time - idle_time) / total_time;
[0.886s]       |            [01;35m[K^~~~~~~~[m[K
[1.486s] make[2]: *** [CMakeFiles/talker.dir/build.make:63: CMakeFiles/talker.dir/src/publisher_member_function.cpp.o] Error 1
[1.486s] make[1]: *** [CMakeFiles/Makefile2:107: CMakeFiles/talker.dir/all] Error 2
[1.486s] make: *** [Makefile:141: all] Error 2
[1.489s] Invoked command in '/root/ros2_ws/build/cpu_pubsub' returned '2': CMAKE_PREFIX_PATH=/opt/ros/foxy /usr/bin/cmake --build /root/ros2_ws/build/cpu_pubsub -- -j32 -l32
