[01m[K/root/ros2_ws/src/cpu_pubsub/src/publisher_member_function.cpp:[m[K In member function â€˜[01m[Kdouble CPULoadNode::getCurrentCPULoad()[m[Kâ€™:
[01m[K/root/ros2_ws/src/cpu_pubsub/src/publisher_member_function.cpp:55:26:[m[K [01;31m[Kerror: [m[Kâ€˜[01m[Kline[m[Kâ€™ was not declared in this scope
   55 |     std::stringstream ss([01;31m[Kline[m[K);
      |                          [01;31m[K^~~~[m[K
make[2]: *** [CMakeFiles/talker.dir/build.make:63: CMakeFiles/talker.dir/src/publisher_member_function.cpp.o] Error 1
make[1]: *** [CMakeFiles/Makefile2:107: CMakeFiles/talker.dir/all] Error 2
make[1]: *** Waiting for unfinished jobs....
make: *** [Makefile:141: all] Error 2
